[07-Jan-2025 02:22:41 Europe/Helsinki] PHP Warning:  include(access-test.php): failed to open stream: No such file or directory in /home/hansplaast/public_html/test/model-detail.php on line 24
[07-Jan-2025 02:22:41 Europe/Helsinki] PHP Warning:  include(): Failed opening 'access-test.php' for inclusion (include_path='.:/usr/share/php') in /home/hansplaast/public_html/test/model-detail.php on line 24
[07-Jan-2025 02:22:41 Europe/Helsinki] PHP Warning:  include(access-test.php): failed to open stream: No such file or directory in /home/hansplaast/public_html/test/header.php on line 2
[07-Jan-2025 02:22:41 Europe/Helsinki] PHP Warning:  include(): Failed opening 'access-test.php' for inclusion (include_path='.:/usr/share/php') in /home/hansplaast/public_html/test/header.php on line 2
[07-Jan-2025 02:22:41 Europe/Helsinki] PHP Fatal error:  Uncaught Error: Call to undefined function is_user_logged_in() in /home/hansplaast/public_html/test/header.php:284
Stack trace:
#0 /home/hansplaast/public_html/test/model-detail.php(27): include()
#1 {main}
  thrown in /home/hansplaast/public_html/test/header.php on line 284
[07-Jan-2025 02:22:43 Europe/Helsinki] PHP Warning:  include(access-test.php): failed to open stream: No such file or directory in /home/hansplaast/public_html/test/header.php on line 2
[07-Jan-2025 02:22:43 Europe/Helsinki] PHP Warning:  include(): Failed opening 'access-test.php' for inclusion (include_path='.:/usr/share/php') in /home/hansplaast/public_html/test/header.php on line 2
[07-Jan-2025 02:22:43 Europe/Helsinki] PHP Fatal error:  Uncaught Error: Call to undefined function is_user_logged_in() in /home/hansplaast/public_html/test/header.php:284
Stack trace:
#0 /home/hansplaast/public_html/test/model.php(35): include()
#1 {main}
  thrown in /home/hansplaast/public_html/test/header.php on line 284
[07-Jan-2025 02:22:45 Europe/Helsinki] PHP Warning:  include(access-test.php): failed to open stream: No such file or directory in /home/hansplaast/public_html/test/header.php on line 2
[07-Jan-2025 02:22:45 Europe/Helsinki] PHP Warning:  include(): Failed opening 'access-test.php' for inclusion (include_path='.:/usr/share/php') in /home/hansplaast/public_html/test/header.php on line 2
[07-Jan-2025 02:22:45 Europe/Helsinki] PHP Fatal error:  Uncaught Error: Call to undefined function is_user_logged_in() in /home/hansplaast/public_html/test/header.php:284
Stack trace:
#0 /home/hansplaast/public_html/test/model.php(35): include()
#1 {main}
  thrown in /home/hansplaast/public_html/test/header.php on line 284
[07-Jan-2025 02:22:45 Europe/Helsinki] PHP Warning:  include(access-test.php): failed to open stream: No such file or directory in /home/hansplaast/public_html/test/header.php on line 2
[07-Jan-2025 02:22:45 Europe/Helsinki] PHP Warning:  include(): Failed opening 'access-test.php' for inclusion (include_path='.:/usr/share/php') in /home/hansplaast/public_html/test/header.php on line 2
[07-Jan-2025 02:22:45 Europe/Helsinki] PHP Fatal error:  Uncaught Error: Call to undefined function is_user_logged_in() in /home/hansplaast/public_html/test/header.php:284
Stack trace:
#0 /home/hansplaast/public_html/test/model.php(35): include()
#1 {main}
  thrown in /home/hansplaast/public_html/test/header.php on line 284
[07-Jan-2025 02:22:45 Europe/Helsinki] PHP Warning:  include(access-test.php): failed to open stream: No such file or directory in /home/hansplaast/public_html/test/header.php on line 2
[07-Jan-2025 02:22:45 Europe/Helsinki] PHP Warning:  include(): Failed opening 'access-test.php' for inclusion (include_path='.:/usr/share/php') in /home/hansplaast/public_html/test/header.php on line 2
[07-Jan-2025 02:22:45 Europe/Helsinki] PHP Fatal error:  Uncaught Error: Call to undefined function is_user_logged_in() in /home/hansplaast/public_html/test/header.php:284
Stack trace:
#0 /home/hansplaast/public_html/test/model.php(35): include()
#1 {main}
  thrown in /home/hansplaast/public_html/test/header.php on line 284
[07-Jan-2025 02:22:45 Europe/Helsinki] PHP Warning:  include(access-test.php): failed to open stream: No such file or directory in /home/hansplaast/public_html/test/header.php on line 2
[07-Jan-2025 02:22:45 Europe/Helsinki] PHP Warning:  include(): Failed opening 'access-test.php' for inclusion (include_path='.:/usr/share/php') in /home/hansplaast/public_html/test/header.php on line 2
[07-Jan-2025 02:22:45 Europe/Helsinki] PHP Fatal error:  Uncaught Error: Call to undefined function is_user_logged_in() in /home/hansplaast/public_html/test/header.php:284
Stack trace:
#0 /home/hansplaast/public_html/test/model.php(35): include()
#1 {main}
  thrown in /home/hansplaast/public_html/test/header.php on line 284
[07-Jan-2025 02:26:06 Europe/Helsinki] PHP Warning:  include(access-test.php): failed to open stream: No such file or directory in /home/hansplaast/public_html/test/header.php on line 2
[07-Jan-2025 02:26:06 Europe/Helsinki] PHP Warning:  include(): Failed opening 'access-test.php' for inclusion (include_path='.:/usr/share/php') in /home/hansplaast/public_html/test/header.php on line 2
[07-Jan-2025 02:26:06 Europe/Helsinki] PHP Fatal error:  Uncaught Error: Call to undefined function is_user_logged_in() in /home/hansplaast/public_html/test/header.php:284
Stack trace:
#0 /home/hansplaast/public_html/test/model.php(35): include()
#1 {main}
  thrown in /home/hansplaast/public_html/test/header.php on line 284
[07-Jan-2025 02:26:10 Europe/Helsinki] PHP Warning:  include(access-test.php): failed to open stream: No such file or directory in /home/hansplaast/public_html/test/header.php on line 2
[07-Jan-2025 02:26:10 Europe/Helsinki] PHP Warning:  include(): Failed opening 'access-test.php' for inclusion (include_path='.:/usr/share/php') in /home/hansplaast/public_html/test/header.php on line 2
[07-Jan-2025 02:26:10 Europe/Helsinki] PHP Fatal error:  Uncaught Error: Call to undefined function is_user_logged_in() in /home/hansplaast/public_html/test/header.php:284
Stack trace:
#0 /home/hansplaast/public_html/test/model.php(35): include()
#1 {main}
  thrown in /home/hansplaast/public_html/test/header.php on line 284
[07-Jan-2025 02:26:11 Europe/Helsinki] PHP Warning:  include(access-test.php): failed to open stream: No such file or directory in /home/hansplaast/public_html/test/header.php on line 2
[07-Jan-2025 02:26:11 Europe/Helsinki] PHP Warning:  include(): Failed opening 'access-test.php' for inclusion (include_path='.:/usr/share/php') in /home/hansplaast/public_html/test/header.php on line 2
[07-Jan-2025 02:26:11 Europe/Helsinki] PHP Fatal error:  Uncaught Error: Call to undefined function is_user_logged_in() in /home/hansplaast/public_html/test/header.php:284
Stack trace:
#0 /home/hansplaast/public_html/test/model.php(35): include()
#1 {main}
  thrown in /home/hansplaast/public_html/test/header.php on line 284
[07-Jan-2025 02:26:11 Europe/Helsinki] PHP Warning:  include(access-test.php): failed to open stream: No such file or directory in /home/hansplaast/public_html/test/header.php on line 2
[07-Jan-2025 02:26:11 Europe/Helsinki] PHP Warning:  include(): Failed opening 'access-test.php' for inclusion (include_path='.:/usr/share/php') in /home/hansplaast/public_html/test/header.php on line 2
[07-Jan-2025 02:26:11 Europe/Helsinki] PHP Fatal error:  Uncaught Error: Call to undefined function is_user_logged_in() in /home/hansplaast/public_html/test/header.php:284
Stack trace:
#0 /home/hansplaast/public_html/test/model.php(35): include()
#1 {main}
  thrown in /home/hansplaast/public_html/test/header.php on line 284
[07-Jan-2025 02:26:11 Europe/Helsinki] PHP Warning:  include(access-test.php): failed to open stream: No such file or directory in /home/hansplaast/public_html/test/header.php on line 2
[07-Jan-2025 02:26:11 Europe/Helsinki] PHP Warning:  include(): Failed opening 'access-test.php' for inclusion (include_path='.:/usr/share/php') in /home/hansplaast/public_html/test/header.php on line 2
[07-Jan-2025 02:26:11 Europe/Helsinki] PHP Fatal error:  Uncaught Error: Call to undefined function is_user_logged_in() in /home/hansplaast/public_html/test/header.php:284
Stack trace:
#0 /home/hansplaast/public_html/test/model.php(35): include()
#1 {main}
  thrown in /home/hansplaast/public_html/test/header.php on line 284
[07-Jan-2025 02:26:12 Europe/Helsinki] PHP Warning:  include(access-test.php): failed to open stream: No such file or directory in /home/hansplaast/public_html/test/header.php on line 2
[07-Jan-2025 02:26:12 Europe/Helsinki] PHP Warning:  include(): Failed opening 'access-test.php' for inclusion (include_path='.:/usr/share/php') in /home/hansplaast/public_html/test/header.php on line 2
[07-Jan-2025 02:26:12 Europe/Helsinki] PHP Fatal error:  Uncaught Error: Call to undefined function is_user_logged_in() in /home/hansplaast/public_html/test/header.php:284
Stack trace:
#0 /home/hansplaast/public_html/test/model.php(35): include()
#1 {main}
  thrown in /home/hansplaast/public_html/test/header.php on line 284
[07-Jan-2025 02:26:12 Europe/Helsinki] PHP Warning:  include(access-test.php): failed to open stream: No such file or directory in /home/hansplaast/public_html/test/header.php on line 2
[07-Jan-2025 02:26:12 Europe/Helsinki] PHP Warning:  include(): Failed opening 'access-test.php' for inclusion (include_path='.:/usr/share/php') in /home/hansplaast/public_html/test/header.php on line 2
[07-Jan-2025 02:26:12 Europe/Helsinki] PHP Fatal error:  Uncaught Error: Call to undefined function is_user_logged_in() in /home/hansplaast/public_html/test/header.php:284
Stack trace:
#0 /home/hansplaast/public_html/test/model.php(35): include()
#1 {main}
  thrown in /home/hansplaast/public_html/test/header.php on line 284
[07-Jan-2025 02:26:12 Europe/Helsinki] PHP Warning:  include(access-test.php): failed to open stream: No such file or directory in /home/hansplaast/public_html/test/header.php on line 2
[07-Jan-2025 02:26:12 Europe/Helsinki] PHP Warning:  include(): Failed opening 'access-test.php' for inclusion (include_path='.:/usr/share/php') in /home/hansplaast/public_html/test/header.php on line 2
[07-Jan-2025 02:26:12 Europe/Helsinki] PHP Fatal error:  Uncaught Error: Call to undefined function is_user_logged_in() in /home/hansplaast/public_html/test/header.php:284
Stack trace:
#0 /home/hansplaast/public_html/test/model.php(35): include()
#1 {main}
  thrown in /home/hansplaast/public_html/test/header.php on line 284
[07-Jan-2025 02:26:12 Europe/Helsinki] PHP Warning:  include(access-test.php): failed to open stream: No such file or directory in /home/hansplaast/public_html/test/header.php on line 2
[07-Jan-2025 02:26:12 Europe/Helsinki] PHP Warning:  include(): Failed opening 'access-test.php' for inclusion (include_path='.:/usr/share/php') in /home/hansplaast/public_html/test/header.php on line 2
[07-Jan-2025 02:26:12 Europe/Helsinki] PHP Fatal error:  Uncaught Error: Call to undefined function is_user_logged_in() in /home/hansplaast/public_html/test/header.php:284
Stack trace:
#0 /home/hansplaast/public_html/test/model.php(35): include()
#1 {main}
  thrown in /home/hansplaast/public_html/test/header.php on line 284
[07-Jan-2025 02:26:12 Europe/Helsinki] PHP Warning:  include(access-test.php): failed to open stream: No such file or directory in /home/hansplaast/public_html/test/header.php on line 2
[07-Jan-2025 02:26:12 Europe/Helsinki] PHP Warning:  include(): Failed opening 'access-test.php' for inclusion (include_path='.:/usr/share/php') in /home/hansplaast/public_html/test/header.php on line 2
[07-Jan-2025 02:26:12 Europe/Helsinki] PHP Fatal error:  Uncaught Error: Call to undefined function is_user_logged_in() in /home/hansplaast/public_html/test/header.php:284
Stack trace:
#0 /home/hansplaast/public_html/test/model.php(35): include()
#1 {main}
  thrown in /home/hansplaast/public_html/test/header.php on line 284
[07-Jan-2025 02:26:12 Europe/Helsinki] PHP Warning:  include(access-test.php): failed to open stream: No such file or directory in /home/hansplaast/public_html/test/header.php on line 2
[07-Jan-2025 02:26:12 Europe/Helsinki] PHP Warning:  include(): Failed opening 'access-test.php' for inclusion (include_path='.:/usr/share/php') in /home/hansplaast/public_html/test/header.php on line 2
[07-Jan-2025 02:26:12 Europe/Helsinki] PHP Fatal error:  Uncaught Error: Call to undefined function is_user_logged_in() in /home/hansplaast/public_html/test/header.php:284
Stack trace:
#0 /home/hansplaast/public_html/test/model.php(35): include()
#1 {main}
  thrown in /home/hansplaast/public_html/test/header.php on line 284
[07-Jan-2025 02:26:13 Europe/Helsinki] PHP Warning:  include(access-test.php): failed to open stream: No such file or directory in /home/hansplaast/public_html/test/header.php on line 2
[07-Jan-2025 02:26:13 Europe/Helsinki] PHP Warning:  include(): Failed opening 'access-test.php' for inclusion (include_path='.:/usr/share/php') in /home/hansplaast/public_html/test/header.php on line 2
[07-Jan-2025 02:26:13 Europe/Helsinki] PHP Fatal error:  Uncaught Error: Call to undefined function is_user_logged_in() in /home/hansplaast/public_html/test/header.php:284
Stack trace:
#0 /home/hansplaast/public_html/test/model.php(35): include()
#1 {main}
  thrown in /home/hansplaast/public_html/test/header.php on line 284
[07-Jan-2025 02:26:13 Europe/Helsinki] PHP Warning:  include(access-test.php): failed to open stream: No such file or directory in /home/hansplaast/public_html/test/header.php on line 2
[07-Jan-2025 02:26:13 Europe/Helsinki] PHP Warning:  include(): Failed opening 'access-test.php' for inclusion (include_path='.:/usr/share/php') in /home/hansplaast/public_html/test/header.php on line 2
[07-Jan-2025 02:26:13 Europe/Helsinki] PHP Fatal error:  Uncaught Error: Call to undefined function is_user_logged_in() in /home/hansplaast/public_html/test/header.php:284
Stack trace:
#0 /home/hansplaast/public_html/test/model.php(35): include()
#1 {main}
  thrown in /home/hansplaast/public_html/test/header.php on line 284
[07-Jan-2025 02:26:13 Europe/Helsinki] PHP Warning:  include(access-test.php): failed to open stream: No such file or directory in /home/hansplaast/public_html/test/header.php on line 2
[07-Jan-2025 02:26:13 Europe/Helsinki] PHP Warning:  include(): Failed opening 'access-test.php' for inclusion (include_path='.:/usr/share/php') in /home/hansplaast/public_html/test/header.php on line 2
[07-Jan-2025 02:26:13 Europe/Helsinki] PHP Fatal error:  Uncaught Error: Call to undefined function is_user_logged_in() in /home/hansplaast/public_html/test/header.php:284
Stack trace:
#0 /home/hansplaast/public_html/test/model.php(35): include()
#1 {main}
  thrown in /home/hansplaast/public_html/test/header.php on line 284
[07-Jan-2025 09:04:03 UTC] Image not found: images/ana (22).jpg
[07-Jan-2025 09:04:03 UTC] Image not found: images/ana (23).jpg
[07-Jan-2025 09:04:03 UTC] Image not found: images/ana (24).jpg
[07-Jan-2025 09:04:03 UTC] Image not found: images/ana (25).jpg
[07-Jan-2025 09:04:03 UTC] Image not found: images/ana (26).jpg
[07-Jan-2025 09:04:03 UTC] Image not found: images/ana (27).jpg
[07-Jan-2025 09:04:03 UTC] Image not found: images/ana (28).jpg
[07-Jan-2025 09:04:03 UTC] Image not found: images/ana (29).jpg
[07-Jan-2025 09:04:03 UTC] Image not found: images/ana (30).jpg
[07-Jan-2025 09:04:03 UTC] Image not found: images/ana (31).jpg
[07-Jan-2025 09:04:03 UTC] Image not found: images/ana (32).jpg
[07-Jan-2025 09:04:03 UTC] Image not found: images/ana (33).jpg
[07-Jan-2025 09:04:03 UTC] Image not found: images/ana (34).jpg
[07-Jan-2025 09:04:03 UTC] Image not found: images/ana (35).jpg
[07-Jan-2025 09:04:03 UTC] Image not found: images/ana (36).jpg
[07-Jan-2025 09:04:03 UTC] Image not found: images/ana (37).jpg
[07-Jan-2025 09:04:03 UTC] Image not found: images/ana (38).jpg
[07-Jan-2025 09:04:03 UTC] Image not found: images/ana (39).jpg
[07-Jan-2025 09:04:03 UTC] Image not found: images/ana (40).jpg
[07-Jan-2025 09:04:03 UTC] Image not found: images/ana (41).jpg
[07-Jan-2025 09:04:03 UTC] Image not found: images/ana (42).jpg
[07-Jan-2025 09:04:03 UTC] Image not found: images/ana (43).jpg
[07-Jan-2025 09:04:03 UTC] Image not found: images/ana (44).jpg
[07-Jan-2025 09:04:03 UTC] Image not found: images/ana (45).jpg
[07-Jan-2025 09:04:03 UTC] Image not found: images/ana (46).jpg
[07-Jan-2025 09:04:03 UTC] Image not found: images/ana (47).jpg
[07-Jan-2025 09:04:03 UTC] Image not found: images/ana (48).jpg
[07-Jan-2025 09:04:03 UTC] Image not found: images/ana (49).jpg
[07-Jan-2025 09:04:03 UTC] Image not found: images/ana (50).jpg
[07-Jan-2025 09:04:03 UTC] Image not found: images/ana (51).jpg
[07-Jan-2025 09:04:03 UTC] Image not found: images/ana (52).jpg
[07-Jan-2025 09:04:03 UTC] Image not found: images/ana (53).jpg
[07-Jan-2025 09:04:03 UTC] Image not found: images/ana (54).jpg
[07-Jan-2025 09:04:03 UTC] Image not found: images/ana (55).jpg
[07-Jan-2025 09:04:03 UTC] Image not found: images/ana (56).jpg
[07-Jan-2025 09:04:03 UTC] Image not found: images/ana (57).jpg
[07-Jan-2025 09:04:03 UTC] Image not found: images/ana (58).jpg
[07-Jan-2025 09:04:03 UTC] Image not found: images/ana (59).jpg
[07-Jan-2025 09:04:03 UTC] Image not found: images/ana (60).jpg
[07-Jan-2025 09:04:03 UTC] Image not found: images/ana (1).jpg
[07-Jan-2025 09:04:03 UTC] Image not found: images/ana (61).jpg
[07-Jan-2025 09:04:03 UTC] Image not found: images/ana (62).jpg
[07-Jan-2025 09:04:03 UTC] Image not found: images/ana (2).jpg
[07-Jan-2025 09:04:03 UTC] Image not found: images/ana (3).jpg
[07-Jan-2025 09:04:03 UTC] Image not found: images/ana (10).jpg
[07-Jan-2025 09:04:03 UTC] Image not found: images/ana (11).jpg
[07-Jan-2025 09:04:03 UTC] Image not found: images/ana (12).jpg
[07-Jan-2025 09:04:03 UTC] Image not found: images/ana (13).jpg
[07-Jan-2025 09:04:03 UTC] Image not found: images/ana (4).jpg
[07-Jan-2025 09:04:03 UTC] Image not found: images/ana (5).jpg
[07-Jan-2025 09:04:03 UTC] Image not found: images/ana (6).jpg
[07-Jan-2025 09:04:03 UTC] Image not found: images/ana (7).jpg
[07-Jan-2025 09:04:03 UTC] Image not found: images/ana (8).jpg
[07-Jan-2025 09:04:03 UTC] Image not found: images/ana (9).jpg
[07-Jan-2025 09:04:03 UTC] Image not found: images/ana (14).jpg
[07-Jan-2025 09:04:03 UTC] Image not found: images/ana (15).jpg
[07-Jan-2025 09:04:03 UTC] Image not found: images/ana (19).jpg
[07-Jan-2025 09:04:03 UTC] Image not found: images/ana (20).jpg
[07-Jan-2025 09:04:03 UTC] Image not found: images/ana (21).jpg
[07-Jan-2025 09:04:03 UTC] Image not found: images/Elizabeth (1).jpg
[07-Jan-2025 09:04:03 UTC] Image not found: images/Elizabeth (10).jpg
[07-Jan-2025 09:04:03 UTC] Image not found: images/Elizabeth (11).jpg
[07-Jan-2025 09:04:03 UTC] Image not found: images/Elizabeth (12).jpg
[07-Jan-2025 09:04:03 UTC] Image not found: images/Elizabeth (5).jpg
[07-Jan-2025 09:04:03 UTC] Image not found: images/Elizabeth (6).jpg
[07-Jan-2025 09:04:03 UTC] Image not found: images/Elizabeth (7).jpg
[07-Jan-2025 09:04:03 UTC] Image not found: images/Elizabeth (8).jpg
[07-Jan-2025 09:04:03 UTC] Image not found: images/Elizabeth (9).jpg
[07-Jan-2025 09:04:03 UTC] Image not found: images/alba (1).jpg
[07-Jan-2025 09:04:03 UTC] Image not found: images/alba (2).jpg
[07-Jan-2025 09:04:03 UTC] Image not found: images/alba (3).jpg
[07-Jan-2025 09:04:03 UTC] Image not found: images/alba (4).jpg
[07-Jan-2025 09:04:12 UTC] Image not found: images/ana (22).jpg
[07-Jan-2025 09:04:12 UTC] Image not found: images/ana (23).jpg
[07-Jan-2025 09:04:12 UTC] Image not found: images/ana (24).jpg
[07-Jan-2025 09:04:12 UTC] Image not found: images/ana (25).jpg
[07-Jan-2025 09:04:12 UTC] Image not found: images/ana (26).jpg
[07-Jan-2025 09:04:12 UTC] Image not found: images/ana (27).jpg
[07-Jan-2025 09:04:12 UTC] Image not found: images/ana (28).jpg
[07-Jan-2025 09:04:12 UTC] Image not found: images/ana (29).jpg
[07-Jan-2025 09:04:12 UTC] Image not found: images/ana (30).jpg
[07-Jan-2025 09:04:12 UTC] Image not found: images/ana (31).jpg
[07-Jan-2025 09:04:12 UTC] Image not found: images/ana (32).jpg
[07-Jan-2025 09:04:12 UTC] Image not found: images/ana (33).jpg
[07-Jan-2025 09:04:12 UTC] Image not found: images/ana (34).jpg
[07-Jan-2025 09:04:12 UTC] Image not found: images/ana (35).jpg
[07-Jan-2025 09:04:12 UTC] Image not found: images/ana (36).jpg
[07-Jan-2025 09:04:12 UTC] Image not found: images/ana (37).jpg
[07-Jan-2025 09:04:12 UTC] Image not found: images/ana (38).jpg
[07-Jan-2025 09:04:12 UTC] Image not found: images/ana (39).jpg
[07-Jan-2025 09:04:12 UTC] Image not found: images/ana (40).jpg
[07-Jan-2025 09:04:12 UTC] Image not found: images/ana (41).jpg
[07-Jan-2025 09:04:12 UTC] Image not found: images/ana (42).jpg
[07-Jan-2025 09:04:12 UTC] Image not found: images/ana (43).jpg
[07-Jan-2025 09:04:12 UTC] Image not found: images/ana (44).jpg
[07-Jan-2025 09:04:12 UTC] Image not found: images/ana (45).jpg
[07-Jan-2025 09:04:12 UTC] Image not found: images/ana (46).jpg
[07-Jan-2025 09:04:12 UTC] Image not found: images/ana (47).jpg
[07-Jan-2025 09:04:12 UTC] Image not found: images/ana (48).jpg
[07-Jan-2025 09:04:12 UTC] Image not found: images/ana (49).jpg
[07-Jan-2025 09:04:12 UTC] Image not found: images/ana (50).jpg
[07-Jan-2025 09:04:12 UTC] Image not found: images/ana (51).jpg
[07-Jan-2025 09:04:12 UTC] Image not found: images/ana (52).jpg
[07-Jan-2025 09:04:12 UTC] Image not found: images/ana (53).jpg
[07-Jan-2025 09:04:12 UTC] Image not found: images/ana (54).jpg
[07-Jan-2025 09:04:12 UTC] Image not found: images/ana (55).jpg
[07-Jan-2025 09:04:12 UTC] Image not found: images/ana (56).jpg
[07-Jan-2025 09:04:12 UTC] Image not found: images/ana (57).jpg
[07-Jan-2025 09:04:12 UTC] Image not found: images/ana (58).jpg
[07-Jan-2025 09:04:12 UTC] Image not found: images/ana (59).jpg
[07-Jan-2025 09:04:12 UTC] Image not found: images/ana (60).jpg
[07-Jan-2025 09:04:12 UTC] Image not found: images/ana (1).jpg
[07-Jan-2025 09:04:12 UTC] Image not found: images/ana (61).jpg
[07-Jan-2025 09:04:12 UTC] Image not found: images/ana (62).jpg
[07-Jan-2025 09:04:12 UTC] Image not found: images/ana (2).jpg
[07-Jan-2025 09:04:12 UTC] Image not found: images/ana (3).jpg
[07-Jan-2025 09:04:12 UTC] Image not found: images/ana (10).jpg
[07-Jan-2025 09:04:12 UTC] Image not found: images/ana (11).jpg
[07-Jan-2025 09:04:12 UTC] Image not found: images/ana (12).jpg
[07-Jan-2025 09:04:12 UTC] Image not found: images/ana (13).jpg
[07-Jan-2025 09:04:12 UTC] Image not found: images/ana (4).jpg
[07-Jan-2025 09:04:12 UTC] Image not found: images/ana (5).jpg
[07-Jan-2025 09:04:12 UTC] Image not found: images/ana (6).jpg
[07-Jan-2025 09:04:12 UTC] Image not found: images/ana (7).jpg
[07-Jan-2025 09:04:12 UTC] Image not found: images/ana (8).jpg
[07-Jan-2025 09:04:12 UTC] Image not found: images/ana (9).jpg
[07-Jan-2025 09:04:12 UTC] Image not found: images/ana (14).jpg
[07-Jan-2025 09:04:12 UTC] Image not found: images/ana (15).jpg
[07-Jan-2025 09:04:12 UTC] Image not found: images/ana (19).jpg
[07-Jan-2025 09:04:12 UTC] Image not found: images/ana (20).jpg
[07-Jan-2025 09:04:12 UTC] Image not found: images/ana (21).jpg
[07-Jan-2025 09:04:12 UTC] Image not found: images/Elizabeth (1).jpg
[07-Jan-2025 09:04:12 UTC] Image not found: images/Elizabeth (10).jpg
[07-Jan-2025 09:04:12 UTC] Image not found: images/Elizabeth (11).jpg
[07-Jan-2025 09:04:12 UTC] Image not found: images/Elizabeth (12).jpg
[07-Jan-2025 09:04:12 UTC] Image not found: images/Elizabeth (5).jpg
[07-Jan-2025 09:04:12 UTC] Image not found: images/Elizabeth (6).jpg
[07-Jan-2025 09:04:12 UTC] Image not found: images/Elizabeth (7).jpg
[07-Jan-2025 09:04:12 UTC] Image not found: images/Elizabeth (8).jpg
[07-Jan-2025 09:04:12 UTC] Image not found: images/Elizabeth (9).jpg
[07-Jan-2025 09:04:12 UTC] Image not found: images/alba (1).jpg
[07-Jan-2025 09:04:12 UTC] Image not found: images/alba (2).jpg
[07-Jan-2025 09:04:12 UTC] Image not found: images/alba (3).jpg
[07-Jan-2025 09:04:12 UTC] Image not found: images/alba (4).jpg
[07-Jan-2025 09:04:49 UTC] Image not found: images/ana (22).jpg
[07-Jan-2025 09:04:49 UTC] Image not found: images/ana (23).jpg
[07-Jan-2025 09:04:49 UTC] Image not found: images/ana (24).jpg
[07-Jan-2025 09:04:49 UTC] Image not found: images/ana (25).jpg
[07-Jan-2025 09:04:49 UTC] Image not found: images/ana (26).jpg
[07-Jan-2025 09:04:49 UTC] Image not found: images/ana (27).jpg
[07-Jan-2025 09:04:49 UTC] Image not found: images/ana (28).jpg
[07-Jan-2025 09:04:49 UTC] Image not found: images/ana (29).jpg
[07-Jan-2025 09:04:49 UTC] Image not found: images/ana (30).jpg
[07-Jan-2025 09:04:49 UTC] Image not found: images/ana (31).jpg
[07-Jan-2025 09:04:49 UTC] Image not found: images/ana (32).jpg
[07-Jan-2025 09:04:49 UTC] Image not found: images/ana (33).jpg
[07-Jan-2025 09:04:49 UTC] Image not found: images/ana (34).jpg
[07-Jan-2025 09:04:49 UTC] Image not found: images/ana (35).jpg
[07-Jan-2025 09:04:49 UTC] Image not found: images/ana (36).jpg
[07-Jan-2025 09:04:49 UTC] Image not found: images/ana (37).jpg
[07-Jan-2025 09:04:49 UTC] Image not found: images/ana (38).jpg
[07-Jan-2025 09:04:49 UTC] Image not found: images/ana (39).jpg
[07-Jan-2025 09:04:49 UTC] Image not found: images/ana (40).jpg
[07-Jan-2025 09:04:49 UTC] Image not found: images/ana (41).jpg
[07-Jan-2025 09:04:49 UTC] Image not found: images/ana (42).jpg
[07-Jan-2025 09:04:49 UTC] Image not found: images/ana (43).jpg
[07-Jan-2025 09:04:49 UTC] Image not found: images/ana (44).jpg
[07-Jan-2025 09:04:49 UTC] Image not found: images/ana (45).jpg
[07-Jan-2025 09:04:49 UTC] Image not found: images/ana (46).jpg
[07-Jan-2025 09:04:49 UTC] Image not found: images/ana (47).jpg
[07-Jan-2025 09:04:49 UTC] Image not found: images/ana (48).jpg
[07-Jan-2025 09:04:49 UTC] Image not found: images/ana (49).jpg
[07-Jan-2025 09:04:49 UTC] Image not found: images/ana (50).jpg
[07-Jan-2025 09:04:49 UTC] Image not found: images/ana (51).jpg
[07-Jan-2025 09:04:49 UTC] Image not found: images/ana (52).jpg
[07-Jan-2025 09:04:49 UTC] Image not found: images/ana (53).jpg
[07-Jan-2025 09:04:49 UTC] Image not found: images/ana (54).jpg
[07-Jan-2025 09:04:49 UTC] Image not found: images/ana (55).jpg
[07-Jan-2025 09:04:49 UTC] Image not found: images/ana (56).jpg
[07-Jan-2025 09:04:49 UTC] Image not found: images/ana (57).jpg
[07-Jan-2025 09:04:49 UTC] Image not found: images/ana (58).jpg
[07-Jan-2025 09:04:49 UTC] Image not found: images/ana (59).jpg
[07-Jan-2025 09:04:49 UTC] Image not found: images/ana (60).jpg
[07-Jan-2025 09:04:49 UTC] Image not found: images/ana (1).jpg
[07-Jan-2025 09:04:49 UTC] Image not found: images/ana (61).jpg
[07-Jan-2025 09:04:49 UTC] Image not found: images/ana (62).jpg
[07-Jan-2025 09:04:49 UTC] Image not found: images/ana (2).jpg
[07-Jan-2025 09:04:49 UTC] Image not found: images/ana (3).jpg
[07-Jan-2025 09:04:49 UTC] Image not found: images/ana (10).jpg
[07-Jan-2025 09:04:49 UTC] Image not found: images/ana (11).jpg
[07-Jan-2025 09:04:49 UTC] Image not found: images/ana (12).jpg
[07-Jan-2025 09:04:49 UTC] Image not found: images/ana (13).jpg
[07-Jan-2025 09:04:49 UTC] Image not found: images/ana (4).jpg
[07-Jan-2025 09:04:49 UTC] Image not found: images/ana (5).jpg
[07-Jan-2025 09:04:49 UTC] Image not found: images/ana (6).jpg
[07-Jan-2025 09:04:49 UTC] Image not found: images/ana (7).jpg
[07-Jan-2025 09:04:49 UTC] Image not found: images/ana (8).jpg
[07-Jan-2025 09:04:49 UTC] Image not found: images/ana (9).jpg
[07-Jan-2025 09:04:49 UTC] Image not found: images/ana (14).jpg
[07-Jan-2025 09:04:49 UTC] Image not found: images/ana (15).jpg
[07-Jan-2025 09:04:49 UTC] Image not found: images/ana (19).jpg
[07-Jan-2025 09:04:49 UTC] Image not found: images/ana (20).jpg
[07-Jan-2025 09:04:49 UTC] Image not found: images/ana (21).jpg
[07-Jan-2025 09:04:49 UTC] Image not found: images/Elizabeth (1).jpg
[07-Jan-2025 09:04:49 UTC] Image not found: images/Elizabeth (10).jpg
[07-Jan-2025 09:04:49 UTC] Image not found: images/Elizabeth (11).jpg
[07-Jan-2025 09:04:49 UTC] Image not found: images/Elizabeth (12).jpg
[07-Jan-2025 09:04:49 UTC] Image not found: images/Elizabeth (5).jpg
[07-Jan-2025 09:04:49 UTC] Image not found: images/Elizabeth (6).jpg
[07-Jan-2025 09:04:49 UTC] Image not found: images/Elizabeth (7).jpg
[07-Jan-2025 09:04:49 UTC] Image not found: images/Elizabeth (8).jpg
[07-Jan-2025 09:04:49 UTC] Image not found: images/Elizabeth (9).jpg
[07-Jan-2025 09:04:49 UTC] Image not found: images/alba (1).jpg
[07-Jan-2025 09:04:49 UTC] Image not found: images/alba (2).jpg
[07-Jan-2025 09:04:49 UTC] Image not found: images/alba (3).jpg
[07-Jan-2025 09:04:49 UTC] Image not found: images/alba (4).jpg
[07-Jan-2025 09:05:07 UTC] Image not found: images/ana (22).jpg
[07-Jan-2025 09:05:07 UTC] Image not found: images/ana (23).jpg
[07-Jan-2025 09:05:07 UTC] Image not found: images/ana (24).jpg
[07-Jan-2025 09:05:07 UTC] Image not found: images/ana (25).jpg
[07-Jan-2025 09:05:07 UTC] Image not found: images/ana (26).jpg
[07-Jan-2025 09:05:07 UTC] Image not found: images/ana (27).jpg
[07-Jan-2025 09:05:07 UTC] Image not found: images/ana (28).jpg
[07-Jan-2025 09:05:07 UTC] Image not found: images/ana (29).jpg
[07-Jan-2025 09:05:07 UTC] Image not found: images/ana (30).jpg
[07-Jan-2025 09:05:07 UTC] Image not found: images/ana (31).jpg
[07-Jan-2025 09:05:07 UTC] Image not found: images/ana (32).jpg
[07-Jan-2025 09:05:07 UTC] Image not found: images/ana (33).jpg
[07-Jan-2025 09:05:07 UTC] Image not found: images/ana (34).jpg
[07-Jan-2025 09:05:07 UTC] Image not found: images/ana (35).jpg
[07-Jan-2025 09:05:07 UTC] Image not found: images/ana (36).jpg
[07-Jan-2025 09:05:07 UTC] Image not found: images/ana (37).jpg
[07-Jan-2025 09:05:07 UTC] Image not found: images/ana (38).jpg
[07-Jan-2025 09:05:07 UTC] Image not found: images/ana (39).jpg
[07-Jan-2025 09:05:07 UTC] Image not found: images/ana (40).jpg
[07-Jan-2025 09:05:07 UTC] Image not found: images/ana (41).jpg
[07-Jan-2025 09:05:07 UTC] Image not found: images/ana (42).jpg
[07-Jan-2025 09:05:07 UTC] Image not found: images/ana (43).jpg
[07-Jan-2025 09:05:07 UTC] Image not found: images/ana (44).jpg
[07-Jan-2025 09:05:07 UTC] Image not found: images/ana (45).jpg
[07-Jan-2025 09:05:07 UTC] Image not found: images/ana (46).jpg
[07-Jan-2025 09:05:07 UTC] Image not found: images/ana (47).jpg
[07-Jan-2025 09:05:07 UTC] Image not found: images/ana (48).jpg
[07-Jan-2025 09:05:07 UTC] Image not found: images/ana (49).jpg
[07-Jan-2025 09:05:07 UTC] Image not found: images/ana (50).jpg
[07-Jan-2025 09:05:07 UTC] Image not found: images/ana (51).jpg
[07-Jan-2025 09:05:07 UTC] Image not found: images/ana (52).jpg
[07-Jan-2025 09:05:07 UTC] Image not found: images/ana (53).jpg
[07-Jan-2025 09:05:07 UTC] Image not found: images/ana (54).jpg
[07-Jan-2025 09:05:07 UTC] Image not found: images/ana (55).jpg
[07-Jan-2025 09:05:07 UTC] Image not found: images/ana (56).jpg
[07-Jan-2025 09:05:07 UTC] Image not found: images/ana (57).jpg
[07-Jan-2025 09:05:07 UTC] Image not found: images/ana (58).jpg
[07-Jan-2025 09:05:07 UTC] Image not found: images/ana (59).jpg
[07-Jan-2025 09:05:07 UTC] Image not found: images/ana (60).jpg
[07-Jan-2025 09:05:07 UTC] Image not found: images/ana (1).jpg
[07-Jan-2025 09:05:07 UTC] Image not found: images/ana (61).jpg
[07-Jan-2025 09:05:07 UTC] Image not found: images/ana (62).jpg
[07-Jan-2025 09:05:07 UTC] Image not found: images/ana (2).jpg
[07-Jan-2025 09:05:07 UTC] Image not found: images/ana (3).jpg
[07-Jan-2025 09:05:07 UTC] Image not found: images/ana (10).jpg
[07-Jan-2025 09:05:07 UTC] Image not found: images/ana (11).jpg
[07-Jan-2025 09:05:07 UTC] Image not found: images/ana (12).jpg
[07-Jan-2025 09:05:07 UTC] Image not found: images/ana (13).jpg
[07-Jan-2025 09:05:07 UTC] Image not found: images/ana (4).jpg
[07-Jan-2025 09:05:07 UTC] Image not found: images/ana (5).jpg
[07-Jan-2025 09:05:07 UTC] Image not found: images/ana (6).jpg
[07-Jan-2025 09:05:07 UTC] Image not found: images/ana (7).jpg
[07-Jan-2025 09:05:07 UTC] Image not found: images/ana (8).jpg
[07-Jan-2025 09:05:07 UTC] Image not found: images/ana (9).jpg
[07-Jan-2025 09:05:07 UTC] Image not found: images/ana (14).jpg
[07-Jan-2025 09:05:07 UTC] Image not found: images/ana (15).jpg
[07-Jan-2025 09:05:07 UTC] Image not found: images/ana (19).jpg
[07-Jan-2025 09:05:07 UTC] Image not found: images/ana (20).jpg
[07-Jan-2025 09:05:07 UTC] Image not found: images/ana (21).jpg
[07-Jan-2025 09:05:07 UTC] Image not found: images/Elizabeth (1).jpg
[07-Jan-2025 09:05:07 UTC] Image not found: images/Elizabeth (10).jpg
[07-Jan-2025 09:05:07 UTC] Image not found: images/Elizabeth (11).jpg
[07-Jan-2025 09:05:07 UTC] Image not found: images/Elizabeth (12).jpg
[07-Jan-2025 09:05:07 UTC] Image not found: images/Elizabeth (5).jpg
[07-Jan-2025 09:05:07 UTC] Image not found: images/Elizabeth (6).jpg
[07-Jan-2025 09:05:07 UTC] Image not found: images/Elizabeth (7).jpg
[07-Jan-2025 09:05:07 UTC] Image not found: images/Elizabeth (8).jpg
[07-Jan-2025 09:05:07 UTC] Image not found: images/Elizabeth (9).jpg
[07-Jan-2025 09:05:07 UTC] Image not found: images/alba (1).jpg
[07-Jan-2025 09:05:07 UTC] Image not found: images/alba (2).jpg
[07-Jan-2025 09:05:07 UTC] Image not found: images/alba (3).jpg
[07-Jan-2025 09:05:07 UTC] Image not found: images/alba (4).jpg
[07-Jan-2025 09:05:21 UTC] Image not found: images/ana (22).jpg
[07-Jan-2025 09:05:21 UTC] Image not found: images/ana (23).jpg
[07-Jan-2025 09:05:21 UTC] Image not found: images/ana (24).jpg
[07-Jan-2025 09:05:21 UTC] Image not found: images/ana (25).jpg
[07-Jan-2025 09:05:21 UTC] Image not found: images/ana (26).jpg
[07-Jan-2025 09:05:21 UTC] Image not found: images/ana (27).jpg
[07-Jan-2025 09:05:21 UTC] Image not found: images/ana (28).jpg
[07-Jan-2025 09:05:21 UTC] Image not found: images/ana (29).jpg
[07-Jan-2025 09:05:21 UTC] Image not found: images/ana (30).jpg
[07-Jan-2025 09:05:21 UTC] Image not found: images/ana (31).jpg
[07-Jan-2025 09:05:21 UTC] Image not found: images/ana (32).jpg
[07-Jan-2025 09:05:21 UTC] Image not found: images/ana (33).jpg
[07-Jan-2025 09:05:21 UTC] Image not found: images/ana (34).jpg
[07-Jan-2025 09:05:21 UTC] Image not found: images/ana (35).jpg
[07-Jan-2025 09:05:21 UTC] Image not found: images/ana (36).jpg
[07-Jan-2025 09:05:21 UTC] Image not found: images/ana (37).jpg
[07-Jan-2025 09:05:21 UTC] Image not found: images/ana (38).jpg
[07-Jan-2025 09:05:21 UTC] Image not found: images/ana (39).jpg
[07-Jan-2025 09:05:21 UTC] Image not found: images/ana (40).jpg
[07-Jan-2025 09:05:21 UTC] Image not found: images/ana (41).jpg
[07-Jan-2025 09:05:21 UTC] Image not found: images/ana (42).jpg
[07-Jan-2025 09:05:21 UTC] Image not found: images/ana (43).jpg
[07-Jan-2025 09:05:21 UTC] Image not found: images/ana (44).jpg
[07-Jan-2025 09:05:21 UTC] Image not found: images/ana (45).jpg
[07-Jan-2025 09:05:21 UTC] Image not found: images/ana (46).jpg
[07-Jan-2025 09:05:21 UTC] Image not found: images/ana (47).jpg
[07-Jan-2025 09:05:21 UTC] Image not found: images/ana (48).jpg
[07-Jan-2025 09:05:21 UTC] Image not found: images/ana (49).jpg
[07-Jan-2025 09:05:21 UTC] Image not found: images/ana (50).jpg
[07-Jan-2025 09:05:21 UTC] Image not found: images/ana (51).jpg
[07-Jan-2025 09:05:21 UTC] Image not found: images/ana (52).jpg
[07-Jan-2025 09:05:21 UTC] Image not found: images/ana (53).jpg
[07-Jan-2025 09:05:21 UTC] Image not found: images/ana (54).jpg
[07-Jan-2025 09:05:21 UTC] Image not found: images/ana (55).jpg
[07-Jan-2025 09:05:21 UTC] Image not found: images/ana (56).jpg
[07-Jan-2025 09:05:21 UTC] Image not found: images/ana (57).jpg
[07-Jan-2025 09:05:21 UTC] Image not found: images/ana (58).jpg
[07-Jan-2025 09:05:21 UTC] Image not found: images/ana (59).jpg
[07-Jan-2025 09:05:21 UTC] Image not found: images/ana (60).jpg
[07-Jan-2025 09:05:21 UTC] Image not found: images/ana (1).jpg
[07-Jan-2025 09:05:21 UTC] Image not found: images/ana (61).jpg
[07-Jan-2025 09:05:21 UTC] Image not found: images/ana (62).jpg
[07-Jan-2025 09:05:21 UTC] Image not found: images/ana (2).jpg
[07-Jan-2025 09:05:21 UTC] Image not found: images/ana (3).jpg
[07-Jan-2025 09:05:21 UTC] Image not found: images/ana (10).jpg
[07-Jan-2025 09:05:21 UTC] Image not found: images/ana (11).jpg
[07-Jan-2025 09:05:21 UTC] Image not found: images/ana (12).jpg
[07-Jan-2025 09:05:21 UTC] Image not found: images/ana (13).jpg
[07-Jan-2025 09:05:21 UTC] Image not found: images/ana (4).jpg
[07-Jan-2025 09:05:21 UTC] Image not found: images/ana (5).jpg
[07-Jan-2025 09:05:21 UTC] Image not found: images/ana (6).jpg
[07-Jan-2025 09:05:21 UTC] Image not found: images/ana (7).jpg
[07-Jan-2025 09:05:21 UTC] Image not found: images/ana (8).jpg
[07-Jan-2025 09:05:21 UTC] Image not found: images/ana (9).jpg
[07-Jan-2025 09:05:21 UTC] Image not found: images/ana (14).jpg
[07-Jan-2025 09:05:21 UTC] Image not found: images/ana (15).jpg
[07-Jan-2025 09:05:21 UTC] Image not found: images/ana (19).jpg
[07-Jan-2025 09:05:21 UTC] Image not found: images/ana (20).jpg
[07-Jan-2025 09:05:21 UTC] Image not found: images/ana (21).jpg
[07-Jan-2025 09:05:21 UTC] Image not found: images/Elizabeth (1).jpg
[07-Jan-2025 09:05:21 UTC] Image not found: images/Elizabeth (10).jpg
[07-Jan-2025 09:05:21 UTC] Image not found: images/Elizabeth (11).jpg
[07-Jan-2025 09:05:21 UTC] Image not found: images/Elizabeth (12).jpg
[07-Jan-2025 09:05:21 UTC] Image not found: images/Elizabeth (5).jpg
[07-Jan-2025 09:05:21 UTC] Image not found: images/Elizabeth (6).jpg
[07-Jan-2025 09:05:21 UTC] Image not found: images/Elizabeth (7).jpg
[07-Jan-2025 09:05:21 UTC] Image not found: images/Elizabeth (8).jpg
[07-Jan-2025 09:05:21 UTC] Image not found: images/Elizabeth (9).jpg
[07-Jan-2025 09:05:21 UTC] Image not found: images/alba (1).jpg
[07-Jan-2025 09:05:21 UTC] Image not found: images/alba (2).jpg
[07-Jan-2025 09:05:21 UTC] Image not found: images/alba (3).jpg
[07-Jan-2025 09:05:21 UTC] Image not found: images/alba (4).jpg
[07-Jan-2025 09:05:32 UTC] Image not found: images/ana (22).jpg
[07-Jan-2025 09:05:32 UTC] Image not found: images/ana (23).jpg
[07-Jan-2025 09:05:32 UTC] Image not found: images/ana (24).jpg
[07-Jan-2025 09:05:32 UTC] Image not found: images/ana (25).jpg
[07-Jan-2025 09:05:32 UTC] Image not found: images/ana (26).jpg
[07-Jan-2025 09:05:32 UTC] Image not found: images/ana (27).jpg
[07-Jan-2025 09:05:32 UTC] Image not found: images/ana (28).jpg
[07-Jan-2025 09:05:32 UTC] Image not found: images/ana (29).jpg
[07-Jan-2025 09:05:32 UTC] Image not found: images/ana (30).jpg
[07-Jan-2025 09:05:32 UTC] Image not found: images/ana (31).jpg
[07-Jan-2025 09:05:32 UTC] Image not found: images/ana (32).jpg
[07-Jan-2025 09:05:32 UTC] Image not found: images/ana (33).jpg
[07-Jan-2025 09:05:32 UTC] Image not found: images/ana (34).jpg
[07-Jan-2025 09:05:32 UTC] Image not found: images/ana (35).jpg
[07-Jan-2025 09:05:32 UTC] Image not found: images/ana (36).jpg
[07-Jan-2025 09:05:32 UTC] Image not found: images/ana (37).jpg
[07-Jan-2025 09:05:32 UTC] Image not found: images/ana (38).jpg
[07-Jan-2025 09:05:32 UTC] Image not found: images/ana (39).jpg
[07-Jan-2025 09:05:32 UTC] Image not found: images/ana (40).jpg
[07-Jan-2025 09:05:32 UTC] Image not found: images/ana (41).jpg
[07-Jan-2025 09:05:32 UTC] Image not found: images/ana (42).jpg
[07-Jan-2025 09:05:32 UTC] Image not found: images/ana (43).jpg
[07-Jan-2025 09:05:32 UTC] Image not found: images/ana (44).jpg
[07-Jan-2025 09:05:32 UTC] Image not found: images/ana (45).jpg
[07-Jan-2025 09:05:32 UTC] Image not found: images/ana (46).jpg
[07-Jan-2025 09:05:32 UTC] Image not found: images/ana (47).jpg
[07-Jan-2025 09:05:32 UTC] Image not found: images/ana (48).jpg
[07-Jan-2025 09:05:32 UTC] Image not found: images/ana (49).jpg
[07-Jan-2025 09:05:32 UTC] Image not found: images/ana (50).jpg
[07-Jan-2025 09:05:32 UTC] Image not found: images/ana (51).jpg
[07-Jan-2025 09:05:32 UTC] Image not found: images/ana (52).jpg
[07-Jan-2025 09:05:32 UTC] Image not found: images/ana (53).jpg
[07-Jan-2025 09:05:32 UTC] Image not found: images/ana (54).jpg
[07-Jan-2025 09:05:32 UTC] Image not found: images/ana (55).jpg
[07-Jan-2025 09:05:32 UTC] Image not found: images/ana (56).jpg
[07-Jan-2025 09:05:32 UTC] Image not found: images/ana (57).jpg
[07-Jan-2025 09:05:32 UTC] Image not found: images/ana (58).jpg
[07-Jan-2025 09:05:32 UTC] Image not found: images/ana (59).jpg
[07-Jan-2025 09:05:32 UTC] Image not found: images/ana (60).jpg
[07-Jan-2025 09:05:32 UTC] Image not found: images/ana (1).jpg
[07-Jan-2025 09:05:32 UTC] Image not found: images/ana (61).jpg
[07-Jan-2025 09:05:32 UTC] Image not found: images/ana (62).jpg
[07-Jan-2025 09:05:32 UTC] Image not found: images/ana (2).jpg
[07-Jan-2025 09:05:32 UTC] Image not found: images/ana (3).jpg
[07-Jan-2025 09:05:32 UTC] Image not found: images/ana (10).jpg
[07-Jan-2025 09:05:32 UTC] Image not found: images/ana (11).jpg
[07-Jan-2025 09:05:32 UTC] Image not found: images/ana (12).jpg
[07-Jan-2025 09:05:32 UTC] Image not found: images/ana (13).jpg
[07-Jan-2025 09:05:32 UTC] Image not found: images/ana (4).jpg
[07-Jan-2025 09:05:32 UTC] Image not found: images/ana (5).jpg
[07-Jan-2025 09:05:32 UTC] Image not found: images/ana (6).jpg
[07-Jan-2025 09:05:32 UTC] Image not found: images/ana (7).jpg
[07-Jan-2025 09:05:32 UTC] Image not found: images/ana (8).jpg
[07-Jan-2025 09:05:32 UTC] Image not found: images/ana (9).jpg
[07-Jan-2025 09:05:32 UTC] Image not found: images/ana (14).jpg
[07-Jan-2025 09:05:32 UTC] Image not found: images/ana (15).jpg
[07-Jan-2025 09:05:32 UTC] Image not found: images/ana (19).jpg
[07-Jan-2025 09:05:32 UTC] Image not found: images/ana (20).jpg
[07-Jan-2025 09:05:32 UTC] Image not found: images/ana (21).jpg
[07-Jan-2025 09:05:32 UTC] Image not found: images/Elizabeth (1).jpg
[07-Jan-2025 09:05:32 UTC] Image not found: images/Elizabeth (10).jpg
[07-Jan-2025 09:05:32 UTC] Image not found: images/Elizabeth (11).jpg
[07-Jan-2025 09:05:32 UTC] Image not found: images/Elizabeth (12).jpg
[07-Jan-2025 09:05:32 UTC] Image not found: images/Elizabeth (5).jpg
[07-Jan-2025 09:05:32 UTC] Image not found: images/Elizabeth (6).jpg
[07-Jan-2025 09:05:32 UTC] Image not found: images/Elizabeth (7).jpg
[07-Jan-2025 09:05:32 UTC] Image not found: images/Elizabeth (8).jpg
[07-Jan-2025 09:05:32 UTC] Image not found: images/Elizabeth (9).jpg
[07-Jan-2025 09:05:32 UTC] Image not found: images/alba (1).jpg
[07-Jan-2025 09:05:32 UTC] Image not found: images/alba (2).jpg
[07-Jan-2025 09:05:32 UTC] Image not found: images/alba (3).jpg
[07-Jan-2025 09:05:32 UTC] Image not found: images/alba (4).jpg
[07-Jan-2025 09:06:18 UTC] Image not found: images/ana (22).jpg
[07-Jan-2025 09:06:18 UTC] Image not found: images/ana (23).jpg
[07-Jan-2025 09:06:18 UTC] Image not found: images/ana (24).jpg
[07-Jan-2025 09:06:18 UTC] Image not found: images/ana (25).jpg
[07-Jan-2025 09:06:18 UTC] Image not found: images/ana (26).jpg
[07-Jan-2025 09:06:18 UTC] Image not found: images/ana (27).jpg
[07-Jan-2025 09:06:18 UTC] Image not found: images/ana (28).jpg
[07-Jan-2025 09:06:18 UTC] Image not found: images/ana (29).jpg
[07-Jan-2025 09:06:18 UTC] Image not found: images/ana (30).jpg
[07-Jan-2025 09:06:18 UTC] Image not found: images/ana (31).jpg
[07-Jan-2025 09:06:18 UTC] Image not found: images/ana (32).jpg
[07-Jan-2025 09:06:18 UTC] Image not found: images/ana (33).jpg
[07-Jan-2025 09:06:18 UTC] Image not found: images/ana (34).jpg
[07-Jan-2025 09:06:18 UTC] Image not found: images/ana (35).jpg
[07-Jan-2025 09:06:18 UTC] Image not found: images/ana (36).jpg
[07-Jan-2025 09:06:18 UTC] Image not found: images/ana (37).jpg
[07-Jan-2025 09:06:18 UTC] Image not found: images/ana (38).jpg
[07-Jan-2025 09:06:18 UTC] Image not found: images/ana (39).jpg
[07-Jan-2025 09:06:18 UTC] Image not found: images/ana (40).jpg
[07-Jan-2025 09:06:18 UTC] Image not found: images/ana (41).jpg
[07-Jan-2025 09:06:18 UTC] Image not found: images/ana (42).jpg
[07-Jan-2025 09:06:18 UTC] Image not found: images/ana (43).jpg
[07-Jan-2025 09:06:18 UTC] Image not found: images/ana (44).jpg
[07-Jan-2025 09:06:18 UTC] Image not found: images/ana (45).jpg
[07-Jan-2025 09:06:18 UTC] Image not found: images/ana (46).jpg
[07-Jan-2025 09:06:18 UTC] Image not found: images/ana (47).jpg
[07-Jan-2025 09:06:18 UTC] Image not found: images/ana (48).jpg
[07-Jan-2025 09:06:18 UTC] Image not found: images/ana (49).jpg
[07-Jan-2025 09:06:18 UTC] Image not found: images/ana (50).jpg
[07-Jan-2025 09:06:18 UTC] Image not found: images/ana (51).jpg
[07-Jan-2025 09:06:18 UTC] Image not found: images/ana (52).jpg
[07-Jan-2025 09:06:18 UTC] Image not found: images/ana (53).jpg
[07-Jan-2025 09:06:18 UTC] Image not found: images/ana (54).jpg
[07-Jan-2025 09:06:18 UTC] Image not found: images/ana (55).jpg
[07-Jan-2025 09:06:18 UTC] Image not found: images/ana (56).jpg
[07-Jan-2025 09:06:18 UTC] Image not found: images/ana (57).jpg
[07-Jan-2025 09:06:18 UTC] Image not found: images/ana (58).jpg
[07-Jan-2025 09:06:18 UTC] Image not found: images/ana (59).jpg
[07-Jan-2025 09:06:18 UTC] Image not found: images/ana (60).jpg
[07-Jan-2025 09:06:18 UTC] Image not found: images/ana (1).jpg
[07-Jan-2025 09:06:18 UTC] Image not found: images/ana (61).jpg
[07-Jan-2025 09:06:18 UTC] Image not found: images/ana (62).jpg
[07-Jan-2025 09:06:18 UTC] Image not found: images/ana (2).jpg
[07-Jan-2025 09:06:18 UTC] Image not found: images/ana (3).jpg
[07-Jan-2025 09:06:18 UTC] Image not found: images/ana (10).jpg
[07-Jan-2025 09:06:18 UTC] Image not found: images/ana (11).jpg
[07-Jan-2025 09:06:18 UTC] Image not found: images/ana (12).jpg
[07-Jan-2025 09:06:18 UTC] Image not found: images/ana (13).jpg
[07-Jan-2025 09:06:18 UTC] Image not found: images/ana (4).jpg
[07-Jan-2025 09:06:18 UTC] Image not found: images/ana (5).jpg
[07-Jan-2025 09:06:18 UTC] Image not found: images/ana (6).jpg
[07-Jan-2025 09:06:18 UTC] Image not found: images/ana (7).jpg
[07-Jan-2025 09:06:18 UTC] Image not found: images/ana (8).jpg
[07-Jan-2025 09:06:18 UTC] Image not found: images/ana (9).jpg
[07-Jan-2025 09:06:18 UTC] Image not found: images/ana (14).jpg
[07-Jan-2025 09:06:18 UTC] Image not found: images/ana (15).jpg
[07-Jan-2025 09:06:18 UTC] Image not found: images/ana (19).jpg
[07-Jan-2025 09:06:18 UTC] Image not found: images/ana (20).jpg
[07-Jan-2025 09:06:18 UTC] Image not found: images/ana (21).jpg
[07-Jan-2025 09:06:18 UTC] Image not found: images/Elizabeth (1).jpg
[07-Jan-2025 09:06:18 UTC] Image not found: images/Elizabeth (10).jpg
[07-Jan-2025 09:06:18 UTC] Image not found: images/Elizabeth (11).jpg
[07-Jan-2025 09:06:18 UTC] Image not found: images/Elizabeth (12).jpg
[07-Jan-2025 09:06:18 UTC] Image not found: images/Elizabeth (5).jpg
[07-Jan-2025 09:06:18 UTC] Image not found: images/Elizabeth (6).jpg
[07-Jan-2025 09:06:18 UTC] Image not found: images/Elizabeth (7).jpg
[07-Jan-2025 09:06:18 UTC] Image not found: images/Elizabeth (8).jpg
[07-Jan-2025 09:06:18 UTC] Image not found: images/Elizabeth (9).jpg
[07-Jan-2025 09:06:18 UTC] Image not found: images/alba (1).jpg
[07-Jan-2025 09:06:18 UTC] Image not found: images/alba (2).jpg
[07-Jan-2025 09:06:18 UTC] Image not found: images/alba (3).jpg
[07-Jan-2025 09:06:18 UTC] Image not found: images/alba (4).jpg
[07-Jan-2025 09:06:26 UTC] Image not found: images/ana (22).jpg
[07-Jan-2025 09:06:26 UTC] Image not found: images/ana (23).jpg
[07-Jan-2025 09:06:26 UTC] Image not found: images/ana (24).jpg
[07-Jan-2025 09:06:26 UTC] Image not found: images/ana (25).jpg
[07-Jan-2025 09:06:26 UTC] Image not found: images/ana (26).jpg
[07-Jan-2025 09:06:26 UTC] Image not found: images/ana (27).jpg
[07-Jan-2025 09:06:26 UTC] Image not found: images/ana (28).jpg
[07-Jan-2025 09:06:26 UTC] Image not found: images/ana (29).jpg
[07-Jan-2025 09:06:26 UTC] Image not found: images/ana (30).jpg
[07-Jan-2025 09:06:26 UTC] Image not found: images/ana (31).jpg
[07-Jan-2025 09:06:26 UTC] Image not found: images/ana (32).jpg
[07-Jan-2025 09:06:26 UTC] Image not found: images/ana (33).jpg
[07-Jan-2025 09:06:26 UTC] Image not found: images/ana (34).jpg
[07-Jan-2025 09:06:26 UTC] Image not found: images/ana (35).jpg
[07-Jan-2025 09:06:26 UTC] Image not found: images/ana (36).jpg
[07-Jan-2025 09:06:26 UTC] Image not found: images/ana (37).jpg
[07-Jan-2025 09:06:26 UTC] Image not found: images/ana (38).jpg
[07-Jan-2025 09:06:26 UTC] Image not found: images/ana (39).jpg
[07-Jan-2025 09:06:26 UTC] Image not found: images/ana (40).jpg
[07-Jan-2025 09:06:26 UTC] Image not found: images/ana (41).jpg
[07-Jan-2025 09:06:26 UTC] Image not found: images/ana (42).jpg
[07-Jan-2025 09:06:26 UTC] Image not found: images/ana (43).jpg
[07-Jan-2025 09:06:26 UTC] Image not found: images/ana (44).jpg
[07-Jan-2025 09:06:26 UTC] Image not found: images/ana (45).jpg
[07-Jan-2025 09:06:26 UTC] Image not found: images/ana (46).jpg
[07-Jan-2025 09:06:26 UTC] Image not found: images/ana (47).jpg
[07-Jan-2025 09:06:26 UTC] Image not found: images/ana (48).jpg
[07-Jan-2025 09:06:26 UTC] Image not found: images/ana (49).jpg
[07-Jan-2025 09:06:26 UTC] Image not found: images/ana (50).jpg
[07-Jan-2025 09:06:26 UTC] Image not found: images/ana (51).jpg
[07-Jan-2025 09:06:26 UTC] Image not found: images/ana (52).jpg
[07-Jan-2025 09:06:26 UTC] Image not found: images/ana (53).jpg
[07-Jan-2025 09:06:26 UTC] Image not found: images/ana (54).jpg
[07-Jan-2025 09:06:26 UTC] Image not found: images/ana (55).jpg
[07-Jan-2025 09:06:26 UTC] Image not found: images/ana (56).jpg
[07-Jan-2025 09:06:26 UTC] Image not found: images/ana (57).jpg
[07-Jan-2025 09:06:26 UTC] Image not found: images/ana (58).jpg
[07-Jan-2025 09:06:26 UTC] Image not found: images/ana (59).jpg
[07-Jan-2025 09:06:26 UTC] Image not found: images/ana (60).jpg
[07-Jan-2025 09:06:26 UTC] Image not found: images/ana (1).jpg
[07-Jan-2025 09:06:26 UTC] Image not found: images/ana (61).jpg
[07-Jan-2025 09:06:26 UTC] Image not found: images/ana (62).jpg
[07-Jan-2025 09:06:26 UTC] Image not found: images/ana (2).jpg
[07-Jan-2025 09:06:26 UTC] Image not found: images/ana (3).jpg
[07-Jan-2025 09:06:26 UTC] Image not found: images/ana (10).jpg
[07-Jan-2025 09:06:26 UTC] Image not found: images/ana (11).jpg
[07-Jan-2025 09:06:26 UTC] Image not found: images/ana (12).jpg
[07-Jan-2025 09:06:26 UTC] Image not found: images/ana (13).jpg
[07-Jan-2025 09:06:26 UTC] Image not found: images/ana (4).jpg
[07-Jan-2025 09:06:26 UTC] Image not found: images/ana (5).jpg
[07-Jan-2025 09:06:26 UTC] Image not found: images/ana (6).jpg
[07-Jan-2025 09:06:26 UTC] Image not found: images/ana (7).jpg
[07-Jan-2025 09:06:26 UTC] Image not found: images/ana (8).jpg
[07-Jan-2025 09:06:26 UTC] Image not found: images/ana (9).jpg
[07-Jan-2025 09:06:26 UTC] Image not found: images/ana (14).jpg
[07-Jan-2025 09:06:26 UTC] Image not found: images/ana (15).jpg
[07-Jan-2025 09:06:26 UTC] Image not found: images/ana (19).jpg
[07-Jan-2025 09:06:26 UTC] Image not found: images/ana (20).jpg
[07-Jan-2025 09:06:26 UTC] Image not found: images/ana (21).jpg
[07-Jan-2025 09:06:26 UTC] Image not found: images/Elizabeth (1).jpg
[07-Jan-2025 09:06:26 UTC] Image not found: images/Elizabeth (10).jpg
[07-Jan-2025 09:06:26 UTC] Image not found: images/Elizabeth (11).jpg
[07-Jan-2025 09:06:26 UTC] Image not found: images/Elizabeth (12).jpg
[07-Jan-2025 09:06:26 UTC] Image not found: images/Elizabeth (5).jpg
[07-Jan-2025 09:06:26 UTC] Image not found: images/Elizabeth (6).jpg
[07-Jan-2025 09:06:26 UTC] Image not found: images/Elizabeth (7).jpg
[07-Jan-2025 09:06:26 UTC] Image not found: images/Elizabeth (8).jpg
[07-Jan-2025 09:06:26 UTC] Image not found: images/Elizabeth (9).jpg
[07-Jan-2025 09:06:26 UTC] Image not found: images/alba (1).jpg
[07-Jan-2025 09:06:26 UTC] Image not found: images/alba (2).jpg
[07-Jan-2025 09:06:26 UTC] Image not found: images/alba (3).jpg
[07-Jan-2025 09:06:26 UTC] Image not found: images/alba (4).jpg
[07-Jan-2025 09:06:43 UTC] Image not found: images/ana (22).jpg
[07-Jan-2025 09:06:43 UTC] Image not found: images/ana (23).jpg
[07-Jan-2025 09:06:43 UTC] Image not found: images/ana (24).jpg
[07-Jan-2025 09:06:43 UTC] Image not found: images/ana (25).jpg
[07-Jan-2025 09:06:43 UTC] Image not found: images/ana (26).jpg
[07-Jan-2025 09:06:43 UTC] Image not found: images/ana (27).jpg
[07-Jan-2025 09:06:43 UTC] Image not found: images/ana (28).jpg
[07-Jan-2025 09:06:43 UTC] Image not found: images/ana (29).jpg
[07-Jan-2025 09:06:43 UTC] Image not found: images/ana (30).jpg
[07-Jan-2025 09:06:43 UTC] Image not found: images/ana (31).jpg
[07-Jan-2025 09:06:43 UTC] Image not found: images/ana (32).jpg
[07-Jan-2025 09:06:43 UTC] Image not found: images/ana (33).jpg
[07-Jan-2025 09:06:43 UTC] Image not found: images/ana (34).jpg
[07-Jan-2025 09:06:43 UTC] Image not found: images/ana (35).jpg
[07-Jan-2025 09:06:43 UTC] Image not found: images/ana (36).jpg
[07-Jan-2025 09:06:43 UTC] Image not found: images/ana (37).jpg
[07-Jan-2025 09:06:43 UTC] Image not found: images/ana (38).jpg
[07-Jan-2025 09:06:43 UTC] Image not found: images/ana (39).jpg
[07-Jan-2025 09:06:43 UTC] Image not found: images/ana (40).jpg
[07-Jan-2025 09:06:43 UTC] Image not found: images/ana (41).jpg
[07-Jan-2025 09:06:43 UTC] Image not found: images/ana (42).jpg
[07-Jan-2025 09:06:43 UTC] Image not found: images/ana (43).jpg
[07-Jan-2025 09:06:43 UTC] Image not found: images/ana (44).jpg
[07-Jan-2025 09:06:43 UTC] Image not found: images/ana (45).jpg
[07-Jan-2025 09:06:43 UTC] Image not found: images/ana (46).jpg
[07-Jan-2025 09:06:43 UTC] Image not found: images/ana (47).jpg
[07-Jan-2025 09:06:43 UTC] Image not found: images/ana (48).jpg
[07-Jan-2025 09:06:43 UTC] Image not found: images/ana (49).jpg
[07-Jan-2025 09:06:43 UTC] Image not found: images/ana (50).jpg
[07-Jan-2025 09:06:43 UTC] Image not found: images/ana (51).jpg
[07-Jan-2025 09:06:43 UTC] Image not found: images/ana (52).jpg
[07-Jan-2025 09:06:43 UTC] Image not found: images/ana (53).jpg
[07-Jan-2025 09:06:43 UTC] Image not found: images/ana (54).jpg
[07-Jan-2025 09:06:43 UTC] Image not found: images/ana (55).jpg
[07-Jan-2025 09:06:43 UTC] Image not found: images/ana (56).jpg
[07-Jan-2025 09:06:43 UTC] Image not found: images/ana (57).jpg
[07-Jan-2025 09:06:43 UTC] Image not found: images/ana (58).jpg
[07-Jan-2025 09:06:43 UTC] Image not found: images/ana (59).jpg
[07-Jan-2025 09:06:43 UTC] Image not found: images/ana (60).jpg
[07-Jan-2025 09:06:43 UTC] Image not found: images/ana (1).jpg
[07-Jan-2025 09:06:43 UTC] Image not found: images/ana (61).jpg
[07-Jan-2025 09:06:43 UTC] Image not found: images/ana (62).jpg
[07-Jan-2025 09:06:43 UTC] Image not found: images/ana (2).jpg
[07-Jan-2025 09:06:43 UTC] Image not found: images/ana (3).jpg
[07-Jan-2025 09:06:43 UTC] Image not found: images/ana (10).jpg
[07-Jan-2025 09:06:43 UTC] Image not found: images/ana (11).jpg
[07-Jan-2025 09:06:43 UTC] Image not found: images/ana (12).jpg
[07-Jan-2025 09:06:43 UTC] Image not found: images/ana (13).jpg
[07-Jan-2025 09:06:43 UTC] Image not found: images/ana (4).jpg
[07-Jan-2025 09:06:43 UTC] Image not found: images/ana (5).jpg
[07-Jan-2025 09:06:43 UTC] Image not found: images/ana (6).jpg
[07-Jan-2025 09:06:43 UTC] Image not found: images/ana (7).jpg
[07-Jan-2025 09:06:43 UTC] Image not found: images/ana (8).jpg
[07-Jan-2025 09:06:43 UTC] Image not found: images/ana (9).jpg
[07-Jan-2025 09:06:43 UTC] Image not found: images/ana (14).jpg
[07-Jan-2025 09:06:43 UTC] Image not found: images/ana (15).jpg
[07-Jan-2025 09:06:43 UTC] Image not found: images/ana (19).jpg
[07-Jan-2025 09:06:43 UTC] Image not found: images/ana (20).jpg
[07-Jan-2025 09:06:43 UTC] Image not found: images/ana (21).jpg
[07-Jan-2025 09:06:43 UTC] Image not found: images/Elizabeth (1).jpg
[07-Jan-2025 09:06:43 UTC] Image not found: images/Elizabeth (10).jpg
[07-Jan-2025 09:06:43 UTC] Image not found: images/Elizabeth (11).jpg
[07-Jan-2025 09:06:43 UTC] Image not found: images/Elizabeth (12).jpg
[07-Jan-2025 09:06:43 UTC] Image not found: images/Elizabeth (5).jpg
[07-Jan-2025 09:06:43 UTC] Image not found: images/Elizabeth (6).jpg
[07-Jan-2025 09:06:43 UTC] Image not found: images/Elizabeth (7).jpg
[07-Jan-2025 09:06:43 UTC] Image not found: images/Elizabeth (8).jpg
[07-Jan-2025 09:06:43 UTC] Image not found: images/Elizabeth (9).jpg
[07-Jan-2025 09:06:43 UTC] Image not found: images/alba (1).jpg
[07-Jan-2025 09:06:43 UTC] Image not found: images/alba (2).jpg
[07-Jan-2025 09:06:43 UTC] Image not found: images/alba (3).jpg
[07-Jan-2025 09:06:43 UTC] Image not found: images/alba (4).jpg
[07-Jan-2025 11:23:17 UTC] Error loading data.json
[07-Jan-2025 11:23:20 UTC] La cl "categories" est manquante ou invalide dans data.json.
[07-Jan-2025 11:23:56 UTC] La cl "categories" est manquante ou invalide dans data.json.
[07-Jan-2025 11:29:47 UTC] La cl "categories" est manquante ou invalide dans data.json.
[07-Jan-2025 22:28:20 UTC] PHP Fatal error:  Uncaught Error: Call to undefined function sanitizeFileName() in /home/hansplaast/public_html/test/model.php:148
Stack trace:
#0 {main}
  thrown in /home/hansplaast/public_html/test/model.php on line 148
[07-Jan-2025 22:28:21 UTC] PHP Fatal error:  Uncaught Error: Call to undefined function sanitizeFileName() in /home/hansplaast/public_html/test/model.php:148
Stack trace:
#0 {main}
  thrown in /home/hansplaast/public_html/test/model.php on line 148
